<?xml version="1.0" encoding="UTF-8"?>
<testsuite xmlns:xsi="http://www.w3.org/2001/XMLSchema-instance" xsi:noNamespaceSchemaLocation="https://maven.apache.org/surefire/maven-surefire-plugin/xsd/surefire-test-report.xsd" version="3.0.2" name="pelis.cloud.peliscloudjpa.repository.PeliculasRepositoryTest" time="2.182" tests="1" errors="0" skipped="0" failures="0">
  <properties>
[...]
</properties>
  <testcase name="savePeliculaTest" classname="pelis.cloud.peliscloudjpa.repository.PeliculasRepositoryTest" time="0.114">
    <system-out><![CDATA[2025-05-04T21:16:08.110-04:00  INFO 23760 --- [peliscloudjpa] [           main] t.c.s.AnnotationConfigContextLoaderUtils : Could not detect default configuration classes for test class [pelis.cloud.peliscloudjpa.repository.PeliculasRepositoryTest]: PeliculasRepositoryTest does not declare any static, non-private, non-final, nested classes annotated with @Configuration.
2025-05-04T21:16:08.150-04:00  INFO 23760 --- [peliscloudjpa] [           main] .b.t.c.SpringBootTestContextBootstrapper : Found @SpringBootConfiguration pelis.cloud.peliscloudjpa.PeliscloudjpaApplication for test class pelis.cloud.peliscloudjpa.repository.PeliculasRepositoryTest
2025-05-04T21:16:08.154-04:00  INFO 23760 --- [peliscloudjpa] [           main] o.s.b.d.r.RestartApplicationListener     : Restart disabled due to context in which it is running

  .   ____          _            __ _ _
 /\\ / ___'_ __ _ _(_)_ __  __ _ \ \ \ \
( ( )\___ | '_ | '_| | '_ \/ _` | \ \ \ \
 \\/  ___)| |_)| | | | | || (_| |  ) ) ) )
  '  |____| .__|_| |_|_| |_\__, | / / / /
 =========|_|==============|___/=/_/_/_/

 :: Spring Boot ::                (v3.4.4)

2025-05-04T21:16:08.184-04:00  INFO 23760 --- [peliscloudjpa] [           main] p.c.p.r.PeliculasRepositoryTest          : Starting PeliculasRepositoryTest using Java 21.0.6 with PID 23760 (started by httpd in C:\Users\httpd\OneDrive\Documentos\Duoc_uc\Clases\DESARROLLO-FULLSTACK\SEMANA-7\peliscloudjpa)
2025-05-04T21:16:08.184-04:00  INFO 23760 --- [peliscloudjpa] [           main] p.c.p.r.PeliculasRepositoryTest          : No active profile set, falling back to 1 default profile: "default"
2025-05-04T21:16:08.248-04:00  INFO 23760 --- [peliscloudjpa] [           main] .s.d.r.c.RepositoryConfigurationDelegate : Bootstrapping Spring Data JPA repositories in DEFAULT mode.
2025-05-04T21:16:08.256-04:00  INFO 23760 --- [peliscloudjpa] [           main] .s.d.r.c.RepositoryConfigurationDelegate : Finished Spring Data repository scanning in 10 ms. Found 1 JPA repository interface.
2025-05-04T21:16:08.298-04:00  INFO 23760 --- [peliscloudjpa] [           main] o.hibernate.jpa.internal.util.LogHelper  : HHH000204: Processing PersistenceUnitInfo [name: default]
2025-05-04T21:16:08.303-04:00  INFO 23760 --- [peliscloudjpa] [           main] o.h.c.internal.RegionFactoryInitiator    : HHH000026: Second-level cache disabled
2025-05-04T21:16:08.310-04:00  INFO 23760 --- [peliscloudjpa] [           main] o.s.o.j.p.SpringPersistenceUnitInfo      : No LoadTimeWeaver setup: ignoring JPA class transformer
2025-05-04T21:16:08.310-04:00  INFO 23760 --- [peliscloudjpa] [           main] com.zaxxer.hikari.HikariDataSource       : HikariPool-2 - Starting...
2025-05-04T21:16:08.474-04:00  INFO 23760 --- [peliscloudjpa] [           main] com.zaxxer.hikari.pool.HikariPool        : HikariPool-2 - Added connection oracle.jdbc.driver.T4CConnection@58914623
2025-05-04T21:16:08.474-04:00  INFO 23760 --- [peliscloudjpa] [           main] com.zaxxer.hikari.HikariDataSource       : HikariPool-2 - Start completed.
2025-05-04T21:16:08.500-04:00  INFO 23760 --- [peliscloudjpa] [           main] org.hibernate.orm.connections.pooling    : HHH10001005: Database info:
	Database JDBC URL [Connecting through datasource 'HikariDataSource (HikariPool-2)']
	Database driver: undefined/unknown
	Database version: 19.27
	Autocommit mode: undefined/unknown
	Isolation level: undefined/unknown
	Minimum pool size: undefined/unknown
	Maximum pool size: undefined/unknown
2025-05-04T21:16:08.545-04:00  INFO 23760 --- [peliscloudjpa] [           main] o.h.e.t.j.p.i.JtaPlatformInitiator       : HHH000489: No JTA platform available (set 'hibernate.transaction.jta.platform' to enable JTA platform integration)
2025-05-04T21:16:10.159-04:00  INFO 23760 --- [peliscloudjpa] [           main] j.LocalContainerEntityManagerFactoryBean : Initialized JPA EntityManagerFactory for persistence unit 'default'
2025-05-04T21:16:10.177-04:00  INFO 23760 --- [peliscloudjpa] [           main] p.c.p.r.PeliculasRepositoryTest          : Started PeliculasRepositoryTest in 2.023 seconds (process running for 25.437)
Hibernate: insert into peliculas (año,director,genero,sinopsis,titulo,id) values (?,?,?,?,?,default)
]]></system-out>
  </testcase>
</testsuite>